<?xml version="1.0" encoding="UTF-8"?>
<!-- Generated by org.testng.reporters.JUnitReportReporter -->
<testsuite hostname="DESKTOP-7IUTETF" failures="0" tests="3" name="Learning.FeatureFiles.RegressionRunner" time="46.582" errors="0" timestamp="2023-10-10T16:08:16 EDT" skipped="0">
  <testcase classname="Learning.FeatureFiles.RegressionRunner" name="runScenario" time="13.713"/>
  <testcase classname="Learning.FeatureFiles.RegressionRunner" name="runScenario" time="19.143"/>
  <testcase classname="Learning.FeatureFiles.RegressionRunner" name="runScenario" time="13.726"/>
</testsuite> <!-- Learning.FeatureFiles.RegressionRunner -->
