<?xml version="1.0" encoding="UTF-8"?>
<!-- Generated by org.testng.reporters.JUnitReportReporter -->
<testsuite hostname="DESKTOP-7IUTETF" failures="0" tests="3" name="Learning.login.LoginApplication" time="55.303" errors="0" timestamp="2023-10-13T11:02:37 EDT" skipped="0">
  <testcase classname="Learning.login.LoginApplication" name="AddProdut" time="26.956"/>
  <testcase classname="Learning.login.LoginApplication" name="loginAppliction" time="16.247"/>
  <testcase classname="Learning.login.LoginApplication" name="invalidLoginCredentials" time="12.100"/>
</testsuite> <!-- Learning.login.LoginApplication -->
