<?xml version="1.0" encoding="UTF-8"?>
<!-- Generated by org.testng.reporters.JUnitReportReporter -->
<testsuite hostname="DESKTOP-7IUTETF" failures="0" tests="1" name="Learning.login.TestExtentReports" time="8.278" errors="0" timestamp="2023-10-19T17:21:51 EDT" skipped="0">
  <testcase classname="Learning.login.TestExtentReports" name="initialDemo" time="8.278"/>
</testsuite> <!-- Learning.login.TestExtentReports -->
