<?xml version="1.0" encoding="UTF-8"?>
<!-- Generated by org.testng.reporters.JUnitReportReporter -->
<testsuite hostname="DESKTOP-7IUTETF" failures="0" tests="1" name="Learning.login.LoginApplication" time="15.652" errors="0" timestamp="2023-10-09T17:14:32 EDT" skipped="0">
  <testcase classname="Learning.login.LoginApplication" name="invalidLoginCredentials" time="15.652"/>
</testsuite> <!-- Learning.login.LoginApplication -->
