<?xml version="1.0" encoding="UTF-8"?>
<!-- Generated by org.testng.reporters.JUnitReportReporter -->
<testsuite hostname="DESKTOP-7IUTETF" failures="0" tests="3" name="Learning.login.LoginApplication" time="38.964" errors="0" timestamp="2023-10-19T17:29:09 EDT" skipped="0">
  <testcase classname="Learning.login.LoginApplication" name="AddProdut" time="20.045"/>
  <testcase classname="Learning.login.LoginApplication" name="invalidLoginCredentials" time="9.075"/>
  <testcase classname="Learning.login.LoginApplication" name="loginAppliction" time="9.844"/>
</testsuite> <!-- Learning.login.LoginApplication -->
