<?xml version="1.0" encoding="UTF-8"?>
<!-- Generated by org.testng.reporters.JUnitReportReporter -->
<testsuite hostname="DESKTOP-7IUTETF" failures="0" tests="3" name="Learning.FeatureFiles.testRunner" time="55.504" errors="0" timestamp="2023-10-10T13:00:30 EDT" skipped="0">
  <testcase classname="Learning.FeatureFiles.testRunner" name="runScenario" time="18.713"/>
  <testcase classname="Learning.FeatureFiles.testRunner" name="runScenario" time="17.333"/>
  <testcase classname="Learning.FeatureFiles.testRunner" name="runScenario" time="19.458"/>
</testsuite> <!-- Learning.FeatureFiles.testRunner -->
