<?xml version="1.0" encoding="UTF-8"?>
<!-- Generated by org.testng.reporters.JUnitReportReporter -->
<testsuite hostname="DESKTOP-7IUTETF" failures="0" tests="3" name="Learning.FeatureFiles.testRunner" time="51.813" errors="0" timestamp="2023-10-10T11:32:55 EDT" skipped="0">
  <testcase classname="Learning.FeatureFiles.testRunner" name="runScenario" time="19.209"/>
  <testcase classname="Learning.FeatureFiles.testRunner" name="runScenario" time="14.940"/>
  <testcase classname="Learning.FeatureFiles.testRunner" name="runScenario" time="17.664"/>
</testsuite> <!-- Learning.FeatureFiles.testRunner -->
