<?xml version="1.0" encoding="UTF-8"?>
<!-- Generated by org.testng.reporters.JUnitReportReporter -->
<testsuite hostname="DESKTOP-7IUTETF" failures="0" tests="2" name="Learning.FeatureFiles.SmokeRunner" time="30.287" errors="0" timestamp="2023-10-10T16:05:29 EDT" skipped="0">
  <testcase classname="Learning.FeatureFiles.SmokeRunner" name="runScenario" time="13.153"/>
  <testcase classname="Learning.FeatureFiles.SmokeRunner" name="runScenario" time="17.134"/>
</testsuite> <!-- Learning.FeatureFiles.SmokeRunner -->
