<?xml version="1.0" encoding="UTF-8"?>
<!-- Generated by org.testng.reporters.JUnitReportReporter -->
<testsuite hostname="DESKTOP-7IUTETF" failures="0" tests="2" name="Learning.FeatureFiles.testRunner" time="30.078" errors="0" timestamp="2023-10-10T15:49:58 EDT" skipped="0">
  <testcase classname="Learning.FeatureFiles.testRunner" name="runScenario" time="16.952"/>
  <testcase classname="Learning.FeatureFiles.testRunner" name="runScenario" time="13.126"/>
</testsuite> <!-- Learning.FeatureFiles.testRunner -->
