<?xml version="1.0" encoding="UTF-8"?>
<!-- Generated by org.testng.reporters.JUnitReportReporter -->
<testsuite hostname="DESKTOP-7IUTETF" failures="0" tests="3" name="Learning.FeatureFiles.testRunner" time="47.258" errors="0" timestamp="2023-10-10T13:40:34 EDT" skipped="0">
  <testcase classname="Learning.FeatureFiles.testRunner" name="runScenario" time="11.980"/>
  <testcase classname="Learning.FeatureFiles.testRunner" name="runScenario" time="21.192"/>
  <testcase classname="Learning.FeatureFiles.testRunner" name="runScenario" time="14.086"/>
</testsuite> <!-- Learning.FeatureFiles.testRunner -->
